> Task :compileJava UP-TO-DATE
> Task :processResources
> Task :classes
> Task :resolveMainClassName

> Task :bootRun

  .   ____          _            __ _ _
 /\\ / ___'_ __ _ _(_)_ __  __ _ \ \ \ \
( ( )\___ | '_ | '_| | '_ \/ _` | \ \ \ \
 \\/  ___)| |_)| | | | | || (_| |  ) ) ) )
  '  |____| .__|_| |_|_| |_\__, | / / / /
 =========|_|==============|___/=/_/_/_/
 :: Spring Boot ::                (v3.2.0)

2025-08-02T03:29:35.119+09:00  INFO 3171 --- [reading-club] [           main] com.readingclub.ReadingClubApplication   : Starting ReadingClubApplication using Java 21.0.4 with PID 3171 (/Users/jiny/dev-log/reading-club/backend/build/classes/java/main started by jiny in /Users/jiny/dev-log/reading-club/backend)
2025-08-02T03:29:35.119+09:00 DEBUG 3171 --- [reading-club] [           main] com.readingclub.ReadingClubApplication   : Running with Spring Boot v3.2.0, Spring v6.1.1
2025-08-02T03:29:35.119+09:00  INFO 3171 --- [reading-club] [           main] com.readingclub.ReadingClubApplication   : No active profile set, falling back to 1 default profile: "default"
2025-08-02T03:29:35.365+09:00  INFO 3171 --- [reading-club] [           main] .s.d.r.c.RepositoryConfigurationDelegate : Bootstrapping Spring Data JPA repositories in DEFAULT mode.
2025-08-02T03:29:35.417+09:00  INFO 3171 --- [reading-club] [           main] .s.d.r.c.RepositoryConfigurationDelegate : Finished Spring Data repository scanning in 50 ms. Found 3 JPA repository interfaces.
2025-08-02T03:29:35.604+09:00  INFO 3171 --- [reading-club] [           main] o.s.b.w.embedded.tomcat.TomcatWebServer  : Tomcat initialized with port 8080 (http)
2025-08-02T03:29:35.608+09:00  INFO 3171 --- [reading-club] [           main] o.apache.catalina.core.StandardService   : Starting service [Tomcat]
2025-08-02T03:29:35.608+09:00  INFO 3171 --- [reading-club] [           main] o.apache.catalina.core.StandardEngine    : Starting Servlet engine: [Apache Tomcat/10.1.16]
2025-08-02T03:29:35.627+09:00  INFO 3171 --- [reading-club] [           main] o.a.c.c.C.[Tomcat].[localhost].[/]       : Initializing Spring embedded WebApplicationContext
2025-08-02T03:29:35.627+09:00  INFO 3171 --- [reading-club] [           main] w.s.c.ServletWebServerApplicationContext : Root WebApplicationContext: initialization completed in 493 ms
2025-08-02T03:29:35.646+09:00 DEBUG 3171 --- [reading-club] [           main] c.r.security.JwtAuthenticationFilter     : Filter 'jwtAuthenticationFilter' configured for use
2025-08-02T03:29:35.682+09:00  INFO 3171 --- [reading-club] [           main] o.hibernate.jpa.internal.util.LogHelper  : HHH000204: Processing PersistenceUnitInfo [name: default]
2025-08-02T03:29:35.705+09:00  INFO 3171 --- [reading-club] [           main] org.hibernate.Version                    : HHH000412: Hibernate ORM core version 6.3.1.Final
2025-08-02T03:29:35.719+09:00  INFO 3171 --- [reading-club] [           main] o.h.c.internal.RegionFactoryInitiator    : HHH000026: Second-level cache disabled
2025-08-02T03:29:35.799+09:00  INFO 3171 --- [reading-club] [           main] o.s.o.j.p.SpringPersistenceUnitInfo      : No LoadTimeWeaver setup: ignoring JPA class transformer
2025-08-02T03:29:35.808+09:00  INFO 3171 --- [reading-club] [           main] com.zaxxer.hikari.HikariDataSource       : HikariPool-1 - Starting...
2025-08-02T03:29:35.860+09:00  INFO 3171 --- [reading-club] [           main] com.zaxxer.hikari.pool.HikariPool        : HikariPool-1 - Added connection com.mysql.cj.jdbc.ConnectionImpl@68b3248a
2025-08-02T03:29:35.861+09:00  INFO 3171 --- [reading-club] [           main] com.zaxxer.hikari.HikariDataSource       : HikariPool-1 - Start completed.
2025-08-02T03:29:35.879+09:00  WARN 3171 --- [reading-club] [           main] org.hibernate.orm.deprecation            : HHH90000025: MySQLDialect does not need to be specified explicitly using 'hibernate.dialect' (remove the property setting and it will be selected by default)
2025-08-02T03:29:36.183+09:00  INFO 3171 --- [reading-club] [           main] o.h.e.t.j.p.i.JtaPlatformInitiator       : HHH000489: No JTA platform available (set 'hibernate.transaction.jta.platform' to enable JTA platform integration)
2025-08-02T03:29:36.227+09:00  INFO 3171 --- [reading-club] [           main] j.LocalContainerEntityManagerFactoryBean : Initialized JPA EntityManagerFactory for persistence unit 'default'
2025-08-02T03:29:36.335+09:00  INFO 3171 --- [reading-club] [           main] o.s.d.j.r.query.QueryEnhancerFactory     : Hibernate is in classpath; If applicable, HQL parser will be used.
2025-08-02T03:29:36.687+09:00  WARN 3171 --- [reading-club] [           main] JpaBaseConfiguration$JpaWebConfiguration : spring.jpa.open-in-view is enabled by default. Therefore, database queries may be performed during view rendering. Explicitly configure spring.jpa.open-in-view to disable this warning
2025-08-02T03:29:36.693+09:00  WARN 3171 --- [reading-club] [           main] .s.s.UserDetailsServiceAutoConfiguration : 

Using generated security password: 5567ae1a-243d-4975-accc-518741b0fa69

This generated password is for development use only. Your security configuration must be updated before running your application in production.

2025-08-02T03:29:36.780+09:00  INFO 3171 --- [reading-club] [           main] o.s.s.web.DefaultSecurityFilterChain     : Will secure any request with [org.springframework.security.web.session.DisableEncodeUrlFilter@5710598e, org.springframework.security.web.context.request.async.WebAsyncManagerIntegrationFilter@7ebd31df, org.springframework.security.web.context.SecurityContextHolderFilter@739fcd31, org.springframework.security.web.header.HeaderWriterFilter@1e366736, org.springframework.web.filter.CorsFilter@a2763f8, org.springframework.security.web.authentication.logout.LogoutFilter@4b7e2cbb, com.readingclub.security.JwtAuthenticationFilter@33bb3f86, org.springframework.security.web.savedrequest.RequestCacheAwareFilter@4cdc345f, org.springframework.security.web.servletapi.SecurityContextHolderAwareRequestFilter@47828afb, org.springframework.security.web.authentication.AnonymousAuthenticationFilter@73ff16a1, org.springframework.security.web.session.SessionManagementFilter@4cb20a1b, org.springframework.security.web.access.ExceptionTranslationFilter@527304ae, org.springframework.security.web.access.intercept.AuthorizationFilter@1bf64e55]
2025-08-02T03:29:36.853+09:00  INFO 3171 --- [reading-club] [           main] o.s.b.w.embedded.tomcat.TomcatWebServer  : Tomcat started on port 8080 (http) with context path ''
2025-08-02T03:29:36.857+09:00  INFO 3171 --- [reading-club] [           main] com.readingclub.ReadingClubApplication   : Started ReadingClubApplication in 1.87 seconds (process running for 1.993)
2025-08-02T03:30:09.641+09:00  INFO 3171 --- [reading-club] [nio-8080-exec-1] o.a.c.c.C.[Tomcat].[localhost].[/]       : Initializing Spring DispatcherServlet 'dispatcherServlet'
2025-08-02T03:30:09.641+09:00  INFO 3171 --- [reading-club] [nio-8080-exec-1] o.s.web.servlet.DispatcherServlet        : Initializing Servlet 'dispatcherServlet'
2025-08-02T03:30:09.642+09:00  INFO 3171 --- [reading-club] [nio-8080-exec-1] o.s.web.servlet.DispatcherServlet        : Completed initialization in 1 ms
2025-08-02T03:30:09.645+09:00 DEBUG 3171 --- [reading-club] [nio-8080-exec-1] o.s.security.web.FilterChainProxy        : Securing GET /api/books/search?query=test
2025-08-02T03:30:09.649+09:00 DEBUG 3171 --- [reading-club] [nio-8080-exec-1] o.s.s.w.a.AnonymousAuthenticationFilter  : Set SecurityContextHolder to anonymous SecurityContext
2025-08-02T03:30:09.649+09:00  WARN 3171 --- [reading-club] [nio-8080-exec-1] o.s.w.s.h.HandlerMappingIntrospector     : Cache miss for REQUEST dispatch to '/api/books/search' (previous null). Performing MatchableHandlerMapping lookup. This is logged once only at WARN level, and every time at TRACE.
2025-08-02T03:30:09.652+09:00 DEBUG 3171 --- [reading-club] [nio-8080-exec-1] o.s.security.web.FilterChainProxy        : Secured GET /api/books/search?query=test
2025-08-02T03:30:09.663+09:00 DEBUG 3171 --- [reading-club] [nio-8080-exec-1] c.r.service.GoogleBooksService           : Google Books API 호출: https://www.googleapis.com/books/v1/volumes?q=test&maxResults=10&key=your_google_books_api_key
2025-08-02T03:30:09.775+09:00 ERROR 3171 --- [reading-club] [nio-8080-exec-1] i.n.r.d.DnsServerAddressStreamProviders  : Unable to load io.netty.resolver.dns.macos.MacOSDnsServerAddressStreamProvider, fallback to system defaults. This may result in incorrect DNS resolutions on MacOS. Check whether you have a dependency on 'io.netty:netty-resolver-dns-native-macos'. Use DEBUG level to see the full stack: java.lang.UnsatisfiedLinkError: failed to load the required native library
2025-08-02T03:30:10.297+09:00 ERROR 3171 --- [reading-club] [nio-8080-exec-1] c.r.service.GoogleBooksService           : Google Books API 호출 실패: 400 Bad Request from GET https://www.googleapis.com/books/v1/volumes?q=test&maxResults=10&key=your_google_books_api_key
2025-08-02T03:30:26.518+09:00  INFO 3171 --- [reading-club] [nio-8080-exec-3] o.apache.coyote.http11.Http11Processor   : Error parsing HTTP request header
 Note: further occurrences of HTTP request parsing errors will be logged at DEBUG level.

java.lang.IllegalArgumentException: Invalid character found in the request target [/api/books/search?query=0xed0x810xb40xeb0xa60xb00xec0xbd0x940xeb0x930x9c&maxResults=3 ]. The valid characters are defined in RFC 7230 and RFC 3986
	at org.apache.coyote.http11.Http11InputBuffer.parseRequestLine(Http11InputBuffer.java:482) ~[tomcat-embed-core-10.1.16.jar:10.1.16]
	at org.apache.coyote.http11.Http11Processor.service(Http11Processor.java:264) ~[tomcat-embed-core-10.1.16.jar:10.1.16]
	at org.apache.coyote.AbstractProcessorLight.process(AbstractProcessorLight.java:63) ~[tomcat-embed-core-10.1.16.jar:10.1.16]
	at org.apache.coyote.AbstractProtocol$ConnectionHandler.process(AbstractProtocol.java:896) ~[tomcat-embed-core-10.1.16.jar:10.1.16]
	at org.apache.tomcat.util.net.NioEndpoint$SocketProcessor.doRun(NioEndpoint.java:1744) ~[tomcat-embed-core-10.1.16.jar:10.1.16]
	at org.apache.tomcat.util.net.SocketProcessorBase.run(SocketProcessorBase.java:52) ~[tomcat-embed-core-10.1.16.jar:10.1.16]
	at org.apache.tomcat.util.threads.ThreadPoolExecutor.runWorker(ThreadPoolExecutor.java:1191) ~[tomcat-embed-core-10.1.16.jar:10.1.16]
	at org.apache.tomcat.util.threads.ThreadPoolExecutor$Worker.run(ThreadPoolExecutor.java:659) ~[tomcat-embed-core-10.1.16.jar:10.1.16]
	at org.apache.tomcat.util.threads.TaskThread$WrappingRunnable.run(TaskThread.java:61) ~[tomcat-embed-core-10.1.16.jar:10.1.16]
	at java.base/java.lang.Thread.run(Thread.java:1583) ~[na:na]

2025-08-02T03:30:39.908+09:00 DEBUG 3171 --- [reading-club] [nio-8080-exec-5] o.s.security.web.FilterChainProxy        : Securing GET /api/books/search?query=clean+code&maxResults=3
2025-08-02T03:30:39.908+09:00 DEBUG 3171 --- [reading-club] [nio-8080-exec-5] o.s.s.w.a.AnonymousAuthenticationFilter  : Set SecurityContextHolder to anonymous SecurityContext
2025-08-02T03:30:39.908+09:00 DEBUG 3171 --- [reading-club] [nio-8080-exec-5] o.s.security.web.FilterChainProxy        : Secured GET /api/books/search?query=clean+code&maxResults=3
2025-08-02T03:30:39.909+09:00 DEBUG 3171 --- [reading-club] [nio-8080-exec-5] c.r.service.GoogleBooksService           : Google Books API 호출: https://www.googleapis.com/books/v1/volumes?q=clean+code&maxResults=3&key=your_google_books_api_key
2025-08-02T03:30:40.118+09:00 ERROR 3171 --- [reading-club] [nio-8080-exec-5] c.r.service.GoogleBooksService           : Google Books API 호출 실패: 400 Bad Request from GET https://www.googleapis.com/books/v1/volumes?q=clean+code&maxResults=3&key=your_google_books_api_key
2025-08-02T03:30:47.934+09:00 DEBUG 3171 --- [reading-club] [nio-8080-exec-7] o.s.security.web.FilterChainProxy        : Securing GET /api/users/me
2025-08-02T03:30:47.934+09:00 DEBUG 3171 --- [reading-club] [nio-8080-exec-7] o.s.s.w.a.AnonymousAuthenticationFilter  : Set SecurityContextHolder to anonymous SecurityContext
2025-08-02T03:48:06.596+09:00 DEBUG 3171 --- [reading-club] [nio-8080-exec-9] o.s.security.web.FilterChainProxy        : Securing GET /api/auth/kakao/callback?code=e5C4k9oIxRZVhWYkz6dwadAUbF7JB9jgdRIJnUeipzokchIBMYpg1wAAAAQKFzVXAAABmGb2fLevm_uHqQwxKA
2025-08-02T03:48:06.599+09:00 DEBUG 3171 --- [reading-club] [nio-8080-exec-9] o.s.s.w.a.AnonymousAuthenticationFilter  : Set SecurityContextHolder to anonymous SecurityContext
2025-08-02T03:48:06.600+09:00 DEBUG 3171 --- [reading-club] [nio-8080-exec-9] o.s.security.web.FilterChainProxy        : Secured GET /api/auth/kakao/callback?code=e5C4k9oIxRZVhWYkz6dwadAUbF7JB9jgdRIJnUeipzokchIBMYpg1wAAAAQKFzVXAAABmGb2fLevm_uHqQwxKA
Hibernate: 
    select
        u1_0.id,
        u1_0.created_at,
        u1_0.kakao_id,
        u1_0.nickname,
        u1_0.profile_image,
        u1_0.updated_at 
    from
        users u1_0 
    where
        u1_0.kakao_id=?
Hibernate: 
    select
        u1_0.id 
    from
        users u1_0 
    where
        u1_0.nickname=? 
    limit
        ?
Hibernate: 
    insert 
    into
        users
        (created_at, kakao_id, nickname, profile_image, updated_at) 
    values
        (?, ?, ?, ?, ?)
2025-08-02T03:48:06.964+09:00  INFO 3171 --- [reading-club] [nio-8080-exec-9] com.readingclub.service.AuthService      : 새 사용자 생성: 백지은 (4377655294)
Hibernate: 
    insert 
    into
        refresh_tokens
        (created_at, expires_at, token, user_id) 
    values
        (?, ?, ?, ?)
2025-08-02T03:48:07.015+09:00  INFO 3171 --- [reading-club] [nio-8080-exec-9] com.readingclub.service.AuthService      : 카카오 로그인 성공: 4377655294
2025-08-02T03:50:57.239+09:00 DEBUG 3171 --- [reading-club] [nio-8080-exec-1] o.s.security.web.FilterChainProxy        : Securing GET /api/auth/kakao/callback?code=8fvjUOEnr3G68UA92wp_vuVB8gu8CsjyYTUjwPSx0mi-IaPjQWcCbQAAAAQKFxTuAAABmGb5F2_UNEQ5evY1pg
2025-08-02T03:50:57.240+09:00 DEBUG 3171 --- [reading-club] [nio-8080-exec-1] o.s.s.w.a.AnonymousAuthenticationFilter  : Set SecurityContextHolder to anonymous SecurityContext
2025-08-02T03:50:57.241+09:00 DEBUG 3171 --- [reading-club] [nio-8080-exec-1] o.s.security.web.FilterChainProxy        : Secured GET /api/auth/kakao/callback?code=8fvjUOEnr3G68UA92wp_vuVB8gu8CsjyYTUjwPSx0mi-IaPjQWcCbQAAAAQKFxTuAAABmGb5F2_UNEQ5evY1pg
Hibernate: 
    select
        u1_0.id,
        u1_0.created_at,
        u1_0.kakao_id,
        u1_0.nickname,
        u1_0.profile_image,
        u1_0.updated_at 
    from
        users u1_0 
    where
        u1_0.kakao_id=?
Hibernate: 
    insert 
    into
        refresh_tokens
        (created_at, expires_at, token, user_id) 
    values
        (?, ?, ?, ?)
2025-08-02T03:50:57.421+09:00  INFO 3171 --- [reading-club] [nio-8080-exec-1] com.readingclub.service.AuthService      : 카카오 로그인 성공: 4377655294

> Task :bootRun FAILED

FAILURE: Build failed with an exception.

* What went wrong:
Execution failed for task ':bootRun'.
> Process 'command '/Library/Java/JavaVirtualMachines/zulu-21.jdk/Contents/Home/bin/java'' finished with non-zero exit value 137

* Try:
> Run with --stacktrace option to get the stack trace.
> Run with --info or --debug option to get more log output.
> Run with --scan to get full insights.
> Get more help at https://help.gradle.org.

BUILD FAILED in 31m 31s
4 actionable tasks: 3 executed, 1 up-to-date
